<?xml version="1.0" encoding="UTF-8"?>
<!-- Generated by org.testng.reporters.JUnitXMLReporter -->
<testsuite ignored="0" hostname="DESKTOP-IN462K9" failures="0" tests="14" name="Surefire test" time="47.106" errors="0" timestamp="2026-05-30T20:12:10 CEST">
  <testcase classname="Homework_11.LoginTest" name="checkContent" time="0.952"/>
  <testcase classname="Homework_11.LoginTest" name="loginTest" time="1.017"/>
  <testcase classname="Homework_11.LoginTest" name="loginTest" time="0.373"/>
  <testcase classname="Homework_11.LoginTest" name="loginTest" time="0.346"/>
  <testcase classname="Homework_11.LoginTest" name="loginTest" time="0.535"/>
  <testcase classname="Homework_11.LoginTest" name="loginTest" time="0.399"/>
  <testcase classname="Homework_11.LoginTest" name="loginTest" time="0.886"/>
  <testcase classname="Homework_12.LoginTest" name="checkContent" time="0.716"/>
  <testcase classname="Homework_12.LoginTest" name="loginTest" time="1.278"/>
  <testcase classname="Homework_12.LoginTest" name="loginTest" time="0.504"/>
  <testcase classname="Homework_12.LoginTest" name="loginTest" time="0.424"/>
  <testcase classname="Homework_12.LoginTest" name="loginTest" time="0.401"/>
  <testcase classname="Homework_12.LoginTest" name="loginTest" time="1.221"/>
  <testcase classname="Homework_12.LoginTest" name="loginTest" time="1.051"/>
</testsuite> <!-- Surefire test -->
