<?xml version="1.0" encoding="UTF-8"?>
<testng-results ignored="0" total="14" passed="14" failed="0" skipped="0">
  <reporter-output>
  </reporter-output>
  <suite started-at="2026-05-30T20:11:23 CEST" name="Surefire suite" finished-at="2026-05-30T20:12:10 CEST" duration-ms="47106">
    <groups>
    </groups>
    <test started-at="2026-05-30T20:11:23 CEST" name="Surefire test" finished-at="2026-05-30T20:12:10 CEST" duration-ms="47106">
      <class name="Homework_12.LoginTest">
        <test-method is-config="true" signature="setUp()[pri:0, instance:Homework_12.LoginTest@703580bf]" started-at="2026-05-30T20:11:47 CEST" name="setUp" finished-at="2026-05-30T20:11:48 CEST" duration-ms="1422" status="PASS">
          <reporter-output>
          </reporter-output>
        </test-method> <!-- setUp -->
        <test-method signature="checkContent()[pri:0, instance:Homework_12.LoginTest@703580bf]" started-at="2026-05-30T20:11:48 CEST" name="checkContent" finished-at="2026-05-30T20:11:49 CEST" duration-ms="716" status="PASS">
          <reporter-output>
          </reporter-output>
        </test-method> <!-- checkContent -->
        <test-method is-config="true" signature="bye()[pri:0, instance:Homework_12.LoginTest@703580bf]" started-at="2026-05-30T20:11:49 CEST" name="bye" finished-at="2026-05-30T20:11:49 CEST" duration-ms="334" status="PASS">
          <reporter-output>
          </reporter-output>
        </test-method> <!-- bye -->
        <test-method is-config="true" signature="setUp()[pri:0, instance:Homework_12.LoginTest@703580bf]" started-at="2026-05-30T20:11:49 CEST" name="setUp" finished-at="2026-05-30T20:11:51 CEST" duration-ms="1374" status="PASS">
          <reporter-output>
          </reporter-output>
        </test-method> <!-- setUp -->
        <test-method signature="loginTest(java.lang.String,java.lang.String)[pri:0, instance:Homework_12.LoginTest@703580bf]" started-at="2026-05-30T20:11:51 CEST" name="loginTest" data-provider="loginData" finished-at="2026-05-30T20:11:52 CEST" duration-ms="1278" status="PASS">
          <params>
            <param index="0">
              <value>
                <![CDATA[standard_user]]>
              </value>
            </param>
            <param index="1">
              <value>
                <![CDATA[secret_sauce]]>
              </value>
            </param>
          </params>
          <reporter-output>
          </reporter-output>
        </test-method> <!-- loginTest -->
        <test-method is-config="true" signature="bye()[pri:0, instance:Homework_12.LoginTest@703580bf]" started-at="2026-05-30T20:11:52 CEST" name="bye" finished-at="2026-05-30T20:11:53 CEST" duration-ms="383" status="PASS">
          <reporter-output>
          </reporter-output>
        </test-method> <!-- bye -->
        <test-method is-config="true" signature="setUp()[pri:0, instance:Homework_12.LoginTest@703580bf]" started-at="2026-05-30T20:11:53 CEST" name="setUp" finished-at="2026-05-30T20:11:55 CEST" duration-ms="2289" status="PASS">
          <reporter-output>
          </reporter-output>
        </test-method> <!-- setUp -->
        <test-method signature="loginTest(java.lang.String,java.lang.String)[pri:0, instance:Homework_12.LoginTest@703580bf]" started-at="2026-05-30T20:11:55 CEST" name="loginTest" data-provider="loginData" finished-at="2026-05-30T20:11:55 CEST" duration-ms="504" status="PASS">
          <params>
            <param index="0">
              <value>
                <![CDATA[locked_out_user]]>
              </value>
            </param>
            <param index="1">
              <value>
                <![CDATA[secret_sauce]]>
              </value>
            </param>
          </params>
          <reporter-output>
          </reporter-output>
        </test-method> <!-- loginTest -->
        <test-method is-config="true" signature="bye()[pri:0, instance:Homework_12.LoginTest@703580bf]" started-at="2026-05-30T20:11:55 CEST" name="bye" finished-at="2026-05-30T20:11:56 CEST" duration-ms="905" status="PASS">
          <reporter-output>
          </reporter-output>
        </test-method> <!-- bye -->
        <test-method is-config="true" signature="setUp()[pri:0, instance:Homework_12.LoginTest@703580bf]" started-at="2026-05-30T20:11:56 CEST" name="setUp" finished-at="2026-05-30T20:11:59 CEST" duration-ms="2366" status="PASS">
          <reporter-output>
          </reporter-output>
        </test-method> <!-- setUp -->
        <test-method signature="loginTest(java.lang.String,java.lang.String)[pri:0, instance:Homework_12.LoginTest@703580bf]" started-at="2026-05-30T20:11:59 CEST" name="loginTest" data-provider="loginData" finished-at="2026-05-30T20:11:59 CEST" duration-ms="424" status="PASS">
          <params>
            <param index="0">
              <value>
                <![CDATA[problem_user]]>
              </value>
            </param>
            <param index="1">
              <value>
                <![CDATA[secret_sauce]]>
              </value>
            </param>
          </params>
          <reporter-output>
          </reporter-output>
        </test-method> <!-- loginTest -->
        <test-method is-config="true" signature="bye()[pri:0, instance:Homework_12.LoginTest@703580bf]" started-at="2026-05-30T20:11:59 CEST" name="bye" finished-at="2026-05-30T20:12:00 CEST" duration-ms="1378" status="PASS">
          <reporter-output>
          </reporter-output>
        </test-method> <!-- bye -->
        <test-method is-config="true" signature="setUp()[pri:0, instance:Homework_12.LoginTest@703580bf]" started-at="2026-05-30T20:12:00 CEST" name="setUp" finished-at="2026-05-30T20:12:02 CEST" duration-ms="1959" status="PASS">
          <reporter-output>
          </reporter-output>
        </test-method> <!-- setUp -->
        <test-method signature="loginTest(java.lang.String,java.lang.String)[pri:0, instance:Homework_12.LoginTest@703580bf]" started-at="2026-05-30T20:12:02 CEST" name="loginTest" data-provider="loginData" finished-at="2026-05-30T20:12:03 CEST" duration-ms="401" status="PASS">
          <params>
            <param index="0">
              <value>
                <![CDATA[performance_glitch_user]]>
              </value>
            </param>
            <param index="1">
              <value>
                <![CDATA[secret_sauce]]>
              </value>
            </param>
          </params>
          <reporter-output>
          </reporter-output>
        </test-method> <!-- loginTest -->
        <test-method is-config="true" signature="bye()[pri:0, instance:Homework_12.LoginTest@703580bf]" started-at="2026-05-30T20:12:03 CEST" name="bye" finished-at="2026-05-30T20:12:03 CEST" duration-ms="390" status="PASS">
          <reporter-output>
          </reporter-output>
        </test-method> <!-- bye -->
        <test-method is-config="true" signature="setUp()[pri:0, instance:Homework_12.LoginTest@703580bf]" started-at="2026-05-30T20:12:03 CEST" name="setUp" finished-at="2026-05-30T20:12:05 CEST" duration-ms="1735" status="PASS">
          <reporter-output>
          </reporter-output>
        </test-method> <!-- setUp -->
        <test-method signature="loginTest(java.lang.String,java.lang.String)[pri:0, instance:Homework_12.LoginTest@703580bf]" started-at="2026-05-30T20:12:05 CEST" name="loginTest" data-provider="loginData" finished-at="2026-05-30T20:12:06 CEST" duration-ms="1221" status="PASS">
          <params>
            <param index="0">
              <value>
                <![CDATA[error_user]]>
              </value>
            </param>
            <param index="1">
              <value>
                <![CDATA[secret_sauce]]>
              </value>
            </param>
          </params>
          <reporter-output>
          </reporter-output>
        </test-method> <!-- loginTest -->
        <test-method is-config="true" signature="bye()[pri:0, instance:Homework_12.LoginTest@703580bf]" started-at="2026-05-30T20:12:06 CEST" name="bye" finished-at="2026-05-30T20:12:07 CEST" duration-ms="409" status="PASS">
          <reporter-output>
          </reporter-output>
        </test-method> <!-- bye -->
        <test-method is-config="true" signature="setUp()[pri:0, instance:Homework_12.LoginTest@703580bf]" started-at="2026-05-30T20:12:07 CEST" name="setUp" finished-at="2026-05-30T20:12:08 CEST" duration-ms="1659" status="PASS">
          <reporter-output>
          </reporter-output>
        </test-method> <!-- setUp -->
        <test-method signature="loginTest(java.lang.String,java.lang.String)[pri:0, instance:Homework_12.LoginTest@703580bf]" started-at="2026-05-30T20:12:08 CEST" name="loginTest" data-provider="loginData" finished-at="2026-05-30T20:12:09 CEST" duration-ms="1051" status="PASS">
          <params>
            <param index="0">
              <value>
                <![CDATA[visual_user]]>
              </value>
            </param>
            <param index="1">
              <value>
                <![CDATA[secret_sauce]]>
              </value>
            </param>
          </params>
          <reporter-output>
          </reporter-output>
        </test-method> <!-- loginTest -->
        <test-method is-config="true" signature="bye()[pri:0, instance:Homework_12.LoginTest@703580bf]" started-at="2026-05-30T20:12:09 CEST" name="bye" finished-at="2026-05-30T20:12:10 CEST" duration-ms="457" status="PASS">
          <reporter-output>
          </reporter-output>
        </test-method> <!-- bye -->
      </class> <!-- Homework_12.LoginTest -->
      <class name="Homework_11.LoginTest">
        <test-method is-config="true" signature="setUp()[pri:0, instance:Homework_11.LoginTest@1ed1993a]" started-at="2026-05-30T20:11:23 CEST" name="setUp" finished-at="2026-05-30T20:11:29 CEST" duration-ms="5903" status="PASS">
          <reporter-output>
          </reporter-output>
        </test-method> <!-- setUp -->
        <test-method signature="checkContent()[pri:0, instance:Homework_11.LoginTest@1ed1993a]" started-at="2026-05-30T20:11:29 CEST" name="checkContent" finished-at="2026-05-30T20:11:29 CEST" duration-ms="952" status="PASS">
          <reporter-output>
          </reporter-output>
        </test-method> <!-- checkContent -->
        <test-method is-config="true" signature="bye()[pri:0, instance:Homework_11.LoginTest@1ed1993a]" started-at="2026-05-30T20:11:29 CEST" name="bye" finished-at="2026-05-30T20:11:30 CEST" duration-ms="427" status="PASS">
          <reporter-output>
          </reporter-output>
        </test-method> <!-- bye -->
        <test-method is-config="true" signature="setUp()[pri:0, instance:Homework_11.LoginTest@1ed1993a]" started-at="2026-05-30T20:11:30 CEST" name="setUp" finished-at="2026-05-30T20:11:32 CEST" duration-ms="1575" status="PASS">
          <reporter-output>
          </reporter-output>
        </test-method> <!-- setUp -->
        <test-method signature="loginTest(java.lang.String,java.lang.String)[pri:0, instance:Homework_11.LoginTest@1ed1993a]" started-at="2026-05-30T20:11:32 CEST" name="loginTest" data-provider="loginData" finished-at="2026-05-30T20:11:33 CEST" duration-ms="1017" status="PASS">
          <params>
            <param index="0">
              <value>
                <![CDATA[standard_user]]>
              </value>
            </param>
            <param index="1">
              <value>
                <![CDATA[secret_sauce]]>
              </value>
            </param>
          </params>
          <reporter-output>
          </reporter-output>
        </test-method> <!-- loginTest -->
        <test-method is-config="true" signature="bye()[pri:0, instance:Homework_11.LoginTest@1ed1993a]" started-at="2026-05-30T20:11:33 CEST" name="bye" finished-at="2026-05-30T20:11:33 CEST" duration-ms="447" status="PASS">
          <reporter-output>
          </reporter-output>
        </test-method> <!-- bye -->
        <test-method is-config="true" signature="setUp()[pri:0, instance:Homework_11.LoginTest@1ed1993a]" started-at="2026-05-30T20:11:33 CEST" name="setUp" finished-at="2026-05-30T20:11:35 CEST" duration-ms="2024" status="PASS">
          <reporter-output>
          </reporter-output>
        </test-method> <!-- setUp -->
        <test-method signature="loginTest(java.lang.String,java.lang.String)[pri:0, instance:Homework_11.LoginTest@1ed1993a]" started-at="2026-05-30T20:11:35 CEST" name="loginTest" data-provider="loginData" finished-at="2026-05-30T20:11:35 CEST" duration-ms="373" status="PASS">
          <params>
            <param index="0">
              <value>
                <![CDATA[locked_out_user]]>
              </value>
            </param>
            <param index="1">
              <value>
                <![CDATA[secret_sauce]]>
              </value>
            </param>
          </params>
          <reporter-output>
          </reporter-output>
        </test-method> <!-- loginTest -->
        <test-method is-config="true" signature="bye()[pri:0, instance:Homework_11.LoginTest@1ed1993a]" started-at="2026-05-30T20:11:35 CEST" name="bye" finished-at="2026-05-30T20:11:36 CEST" duration-ms="437" status="PASS">
          <reporter-output>
          </reporter-output>
        </test-method> <!-- bye -->
        <test-method is-config="true" signature="setUp()[pri:0, instance:Homework_11.LoginTest@1ed1993a]" started-at="2026-05-30T20:11:36 CEST" name="setUp" finished-at="2026-05-30T20:11:38 CEST" duration-ms="1966" status="PASS">
          <reporter-output>
          </reporter-output>
        </test-method> <!-- setUp -->
        <test-method signature="loginTest(java.lang.String,java.lang.String)[pri:0, instance:Homework_11.LoginTest@1ed1993a]" started-at="2026-05-30T20:11:38 CEST" name="loginTest" data-provider="loginData" finished-at="2026-05-30T20:11:38 CEST" duration-ms="346" status="PASS">
          <params>
            <param index="0">
              <value>
                <![CDATA[problem_user]]>
              </value>
            </param>
            <param index="1">
              <value>
                <![CDATA[secret_sauce]]>
              </value>
            </param>
          </params>
          <reporter-output>
          </reporter-output>
        </test-method> <!-- loginTest -->
        <test-method is-config="true" signature="bye()[pri:0, instance:Homework_11.LoginTest@1ed1993a]" started-at="2026-05-30T20:11:38 CEST" name="bye" finished-at="2026-05-30T20:11:39 CEST" duration-ms="407" status="PASS">
          <reporter-output>
          </reporter-output>
        </test-method> <!-- bye -->
        <test-method is-config="true" signature="setUp()[pri:0, instance:Homework_11.LoginTest@1ed1993a]" started-at="2026-05-30T20:11:39 CEST" name="setUp" finished-at="2026-05-30T20:11:41 CEST" duration-ms="2091" status="PASS">
          <reporter-output>
          </reporter-output>
        </test-method> <!-- setUp -->
        <test-method signature="loginTest(java.lang.String,java.lang.String)[pri:0, instance:Homework_11.LoginTest@1ed1993a]" started-at="2026-05-30T20:11:41 CEST" name="loginTest" data-provider="loginData" finished-at="2026-05-30T20:11:41 CEST" duration-ms="535" status="PASS">
          <params>
            <param index="0">
              <value>
                <![CDATA[performance_glitch_user]]>
              </value>
            </param>
            <param index="1">
              <value>
                <![CDATA[secret_sauce]]>
              </value>
            </param>
          </params>
          <reporter-output>
          </reporter-output>
        </test-method> <!-- loginTest -->
        <test-method is-config="true" signature="bye()[pri:0, instance:Homework_11.LoginTest@1ed1993a]" started-at="2026-05-30T20:11:41 CEST" name="bye" finished-at="2026-05-30T20:11:42 CEST" duration-ms="445" status="PASS">
          <reporter-output>
          </reporter-output>
        </test-method> <!-- bye -->
        <test-method is-config="true" signature="setUp()[pri:0, instance:Homework_11.LoginTest@1ed1993a]" started-at="2026-05-30T20:11:42 CEST" name="setUp" finished-at="2026-05-30T20:11:43 CEST" duration-ms="1811" status="PASS">
          <reporter-output>
          </reporter-output>
        </test-method> <!-- setUp -->
        <test-method signature="loginTest(java.lang.String,java.lang.String)[pri:0, instance:Homework_11.LoginTest@1ed1993a]" started-at="2026-05-30T20:11:43 CEST" name="loginTest" data-provider="loginData" finished-at="2026-05-30T20:11:44 CEST" duration-ms="399" status="PASS">
          <params>
            <param index="0">
              <value>
                <![CDATA[error_user]]>
              </value>
            </param>
            <param index="1">
              <value>
                <![CDATA[secret_sauce]]>
              </value>
            </param>
          </params>
          <reporter-output>
          </reporter-output>
        </test-method> <!-- loginTest -->
        <test-method is-config="true" signature="bye()[pri:0, instance:Homework_11.LoginTest@1ed1993a]" started-at="2026-05-30T20:11:44 CEST" name="bye" finished-at="2026-05-30T20:11:44 CEST" duration-ms="354" status="PASS">
          <reporter-output>
          </reporter-output>
        </test-method> <!-- bye -->
        <test-method is-config="true" signature="setUp()[pri:0, instance:Homework_11.LoginTest@1ed1993a]" started-at="2026-05-30T20:11:44 CEST" name="setUp" finished-at="2026-05-30T20:11:46 CEST" duration-ms="1506" status="PASS">
          <reporter-output>
          </reporter-output>
        </test-method> <!-- setUp -->
        <test-method signature="loginTest(java.lang.String,java.lang.String)[pri:0, instance:Homework_11.LoginTest@1ed1993a]" started-at="2026-05-30T20:11:46 CEST" name="loginTest" data-provider="loginData" finished-at="2026-05-30T20:11:47 CEST" duration-ms="886" status="PASS">
          <params>
            <param index="0">
              <value>
                <![CDATA[visual_user]]>
              </value>
            </param>
            <param index="1">
              <value>
                <![CDATA[secret_sauce]]>
              </value>
            </param>
          </params>
          <reporter-output>
          </reporter-output>
        </test-method> <!-- loginTest -->
        <test-method is-config="true" signature="bye()[pri:0, instance:Homework_11.LoginTest@1ed1993a]" started-at="2026-05-30T20:11:47 CEST" name="bye" finished-at="2026-05-30T20:11:47 CEST" duration-ms="439" status="PASS">
          <reporter-output>
          </reporter-output>
        </test-method> <!-- bye -->
      </class> <!-- Homework_11.LoginTest -->
    </test> <!-- Surefire test -->
  </suite> <!-- Surefire suite -->
</testng-results>
