<?xml version="1.0" encoding="UTF-8"?>
<testsuite xmlns:xsi="http://www.w3.org/2001/XMLSchema-instance" xsi:noNamespaceSchemaLocation="https://maven.apache.org/surefire/maven-surefire-plugin/xsd/surefire-test-report.xsd" version="3.0.2" name="TestSuite" time="47.966" tests="14" errors="0" skipped="0" failures="0">
  <properties>
[...]
</properties>
  <testcase name="checkContent" classname="Homework_11.LoginTest" time="0.951">
    <system-err><![CDATA[SLF4J(W): No SLF4J providers were found.
SLF4J(W): Defaulting to no-operation (NOP) logger implementation
SLF4J(W): See https://www.slf4j.org/codes.html#noProviders for further details.
]]></system-err>
  </testcase>
  <testcase name="loginTest[standard_user, secret_sauce](1)" classname="Homework_11.LoginTest" time="1.019">
    <system-out><![CDATA[Username: standard_user
Password: secret_sauce
]]></system-out>
  </testcase>
  <testcase name="loginTest[locked_out_user, secret_sauce](2)" classname="Homework_11.LoginTest" time="0.377">
    <system-out><![CDATA[Username: locked_out_user
Password: secret_sauce
]]></system-out>
  </testcase>
  <testcase name="loginTest[problem_user, secret_sauce](3)" classname="Homework_11.LoginTest" time="0.349">
    <system-out><![CDATA[Username: problem_user
Password: secret_sauce
]]></system-out>
  </testcase>
  <testcase name="loginTest[performance_glitch_user, secret_sauce](4)" classname="Homework_11.LoginTest" time="0.534">
    <system-out><![CDATA[Username: performance_glitch_user
Password: secret_sauce
]]></system-out>
  </testcase>
  <testcase name="loginTest[error_user, secret_sauce](5)" classname="Homework_11.LoginTest" time="0.402">
    <system-out><![CDATA[Username: error_user
Password: secret_sauce
]]></system-out>
  </testcase>
  <testcase name="loginTest[visual_user, secret_sauce](6)" classname="Homework_11.LoginTest" time="0.888">
    <system-out><![CDATA[Username: visual_user
Password: secret_sauce
]]></system-out>
  </testcase>
  <testcase name="checkContent" classname="Homework_12.LoginTest" time="0.711"/>
  <testcase name="loginTest[standard_user, secret_sauce](1)" classname="Homework_12.LoginTest" time="1.283">
    <system-out><![CDATA[Username: standard_user
Password: secret_sauce
]]></system-out>
  </testcase>
  <testcase name="loginTest[locked_out_user, secret_sauce](2)" classname="Homework_12.LoginTest" time="0.529">
    <system-out><![CDATA[Username: locked_out_user
Password: secret_sauce
]]></system-out>
  </testcase>
  <testcase name="loginTest[problem_user, secret_sauce](3)" classname="Homework_12.LoginTest" time="0.431">
    <system-out><![CDATA[Username: problem_user
Password: secret_sauce
]]></system-out>
  </testcase>
  <testcase name="loginTest[performance_glitch_user, secret_sauce](4)" classname="Homework_12.LoginTest" time="0.406">
    <system-out><![CDATA[Username: performance_glitch_user
Password: secret_sauce
]]></system-out>
  </testcase>
  <testcase name="loginTest[error_user, secret_sauce](5)" classname="Homework_12.LoginTest" time="1.223">
    <system-out><![CDATA[Username: error_user
Password: secret_sauce
]]></system-out>
  </testcase>
  <testcase name="loginTest[visual_user, secret_sauce](6)" classname="Homework_12.LoginTest" time="1.053">
    <system-out><![CDATA[Username: visual_user
Password: secret_sauce
]]></system-out>
  </testcase>
</testsuite>