<?xml version="1.0" encoding="UTF-8"?>
<!-- Generated by org.testng.reporters.JUnitReportReporter -->
<testsuite hostname="DESKTOP-IN462K9" failures="0" tests="7" name="Homework_12.LoginTest" time="22.655" errors="0" timestamp="2026-05-30T20:12:10 CEST" skipped="0">
  <testcase classname="Homework_12.LoginTest" name="loginTest" time="3.807"/>
  <testcase classname="Homework_12.LoginTest" name="loginTest" time="2.469"/>
  <testcase classname="Homework_12.LoginTest" name="checkContent" time="3.388"/>
  <testcase classname="Homework_12.LoginTest" name="loginTest" time="3.052"/>
  <testcase classname="Homework_12.LoginTest" name="loginTest" time="2.751"/>
  <testcase classname="Homework_12.LoginTest" name="loginTest" time="2.573"/>
  <testcase classname="Homework_12.LoginTest" name="loginTest" time="4.615"/>
</testsuite> <!-- Homework_12.LoginTest -->
