<?xml version="1.0" encoding="UTF-8"?>
<!-- Generated by org.testng.reporters.JUnitReportReporter -->
<testsuite hostname="DESKTOP-IN462K9" failures="0" tests="7" name="Homework_11.LoginTest" time="24.340" errors="0" timestamp="2026-05-30T20:12:10 CEST" skipped="0">
  <testcase classname="Homework_11.LoginTest" name="loginTest" time="2.793"/>
  <testcase classname="Homework_11.LoginTest" name="loginTest" time="6.713"/>
  <testcase classname="Homework_11.LoginTest" name="loginTest" time="2.360"/>
  <testcase classname="Homework_11.LoginTest" name="loginTest" time="3.515"/>
  <testcase classname="Homework_11.LoginTest" name="loginTest" time="2.719"/>
  <testcase classname="Homework_11.LoginTest" name="checkContent" time="2.903"/>
  <testcase classname="Homework_11.LoginTest" name="loginTest" time="3.337"/>
</testsuite> <!-- Homework_11.LoginTest -->
